0 info it worked if it ends with ok
1 verbose cli [ '/home/dkoch/.nvm/versions/node/v6.13.0/bin/node',
1 verbose cli   '/home/dkoch/.nvm/versions/node/v6.13.0/bin/npm',
1 verbose cli   'run',
1 verbose cli   'doc:serve' ]
2 info using npm@3.10.10
3 info using node@v6.13.0
4 verbose run-script [ 'predoc:serve', 'doc:serve', 'postdoc:serve' ]
5 info lifecycle geoserver-introduction-ws@0.0.1~predoc:serve: geoserver-introduction-ws@0.0.1
6 silly lifecycle geoserver-introduction-ws@0.0.1~predoc:serve: no script for predoc:serve, continuing
7 info lifecycle geoserver-introduction-ws@0.0.1~doc:serve: geoserver-introduction-ws@0.0.1
8 verbose lifecycle geoserver-introduction-ws@0.0.1~doc:serve: unsafe-perm in lifecycle true
9 verbose lifecycle geoserver-introduction-ws@0.0.1~doc:serve: PATH: /home/dkoch/.nvm/versions/node/v6.13.0/lib/node_modules/npm/bin/node-gyp-bin:/home/dkoch/Dokumente/workspace/geoserver-introduction-ws/node_modules/.bin:/home/dkoch/.nvm/versions/node/v6.13.0/bin:/home/dkoch/bin:/home/dkoch/.local/bin:/usr/local/sbin:/usr/local/bin:/usr/sbin:/usr/bin:/sbin:/bin:/usr/games:/usr/local/games
10 verbose lifecycle geoserver-introduction-ws@0.0.1~doc:serve: CWD: /home/dkoch/Dokumente/workspace/geoserver-introduction-ws
11 silly lifecycle geoserver-introduction-ws@0.0.1~doc:serve: Args: [ '-c', 'gitbook serve src' ]
12 silly lifecycle geoserver-introduction-ws@0.0.1~doc:serve: Returned: code: 1  signal: null
13 info lifecycle geoserver-introduction-ws@0.0.1~doc:serve: Failed to exec doc:serve script
14 verbose stack Error: geoserver-introduction-ws@0.0.1 doc:serve: `gitbook serve src`
14 verbose stack Exit status 1
14 verbose stack     at EventEmitter.<anonymous> (/home/dkoch/.nvm/versions/node/v6.13.0/lib/node_modules/npm/lib/utils/lifecycle.js:255:16)
14 verbose stack     at emitTwo (events.js:106:13)
14 verbose stack     at EventEmitter.emit (events.js:191:7)
14 verbose stack     at ChildProcess.<anonymous> (/home/dkoch/.nvm/versions/node/v6.13.0/lib/node_modules/npm/lib/utils/spawn.js:40:14)
14 verbose stack     at emitTwo (events.js:106:13)
14 verbose stack     at ChildProcess.emit (events.js:191:7)
14 verbose stack     at maybeClose (internal/child_process.js:920:16)
14 verbose stack     at Process.ChildProcess._handle.onexit (internal/child_process.js:230:5)
15 verbose pkgid geoserver-introduction-ws@0.0.1
16 verbose cwd /home/dkoch/Dokumente/workspace/geoserver-introduction-ws
17 error Linux 4.13.0-36-generic
18 error argv "/home/dkoch/.nvm/versions/node/v6.13.0/bin/node" "/home/dkoch/.nvm/versions/node/v6.13.0/bin/npm" "run" "doc:serve"
19 error node v6.13.0
20 error npm  v3.10.10
21 error code ELIFECYCLE
22 error geoserver-introduction-ws@0.0.1 doc:serve: `gitbook serve src`
22 error Exit status 1
23 error Failed at the geoserver-introduction-ws@0.0.1 doc:serve script 'gitbook serve src'.
23 error Make sure you have the latest version of node.js and npm installed.
23 error If you do, this is most likely a problem with the geoserver-introduction-ws package,
23 error not with npm itself.
23 error Tell the author that this fails on your system:
23 error     gitbook serve src
23 error You can get information on how to open an issue for this project with:
23 error     npm bugs geoserver-introduction-ws
23 error Or if that isn't available, you can get their info via:
23 error     npm owner ls geoserver-introduction-ws
23 error There is likely additional logging output above.
24 verbose exit [ 1, true ]
